# JRE version: OpenJDK Runtime Environment (7.0_85-b01) (build 1.7.0_85-b01)
# Java VM: OpenJDK Client VM (24.85-b03 mixed mode, sharing linux-x86 )
Heap
 def new generation   total 52608K, used 603K [0x6a800000, 0x6e110000, 0x72800000)
  eden space 46784K,   1% used [0x6a800000, 0x6a896cc0, 0x6d5b0000)
  from space 5824K,   0% used [0x6d5b0000, 0x6d5b0000, 0x6db60000)
  to   space 5824K,   0% used [0x6db60000, 0x6db60000, 0x6e110000)
 tenured generation   total 116708K, used 68474K [0x72800000, 0x799f9000, 0x82800000)
   the space 116708K,  58% used [0x72800000, 0x76adea60, 0x76adec00, 0x799f9000)
 compacting perm gen  total 44544K, used 44511K [0x82800000, 0x85380000, 0x92800000)
   the space 44544K,  99% used [0x82800000, 0x85377d10, 0x85377e00, 0x85380000)
    ro space 10240K,  58% used [0x92800000, 0x92de2e40, 0x92de3000, 0x93200000)
    rw space 12288K,  59% used [0x93200000, 0x9391bb10, 0x9391bc00, 0x93e00000)
GC Heap History (10 events):
Event: 95982.187 GC heap before
{Heap before GC invocations=1618 (full 1575):
 def new generation   total 52608K, used 707K [0x6a800000, 0x6e110000, 0x72800000)
  eden space 46784K,   1% used [0x6a800000, 0x6a8b0db0, 0x6d5b0000)
  from space 5824K,   0% used [0x6d5b0000, 0x6d5b0000, 0x6db60000)
  to   space 5824K,   0% used [0x6db60000, 0x6db60000, 0x6e110000)
 tenured generation   total 116708K, used 69089K [0x72800000, 0x799f9000, 0x82800000)
   the space 116708K,  59% used [0x72800000, 0x76b78668, 0x76b78800, 0x799f9000)
 compacting perm gen  total 44544K, used 44513K [0x82800000, 0x85380000, 0x92800000)
   the space 44544K,  99% used [0x82800000, 0x853787d8, 0x85378800, 0x85380000)
    ro space 10240K,  58% used [0x92800000, 0x92de2e40, 0x92de3000, 0x93200000)
    rw space 12288K,  59% used [0x93200000, 0x9391bb10, 0x9391bc00, 0x93e00000)
Event: 95982.421 GC heap after
Heap after GC invocations=1619 (full 1576):
 def new generation   total 52608K, used 0K [0x6a800000, 0x6e110000, 0x72800000)
  eden space 46784K,   0% used [0x6a800000, 0x6a800000, 0x6d5b0000)
  from space 5824K,   0% used [0x6d5b0000, 0x6d5b0000, 0x6db60000)
  to   space 5824K,   0% used [0x6db60000, 0x6db60000, 0x6e110000)
 tenured generation   total 116708K, used 68214K [0x72800000, 0x799f9000, 0x82800000)
   the space 116708K,  58% used [0x72800000, 0x76a9dbd0, 0x76a9dc00, 0x799f9000)
 compacting perm gen  total 44544K, used 44511K [0x82800000, 0x85380000, 0x92800000)
   the space 44544K,  99% used [0x82800000, 0x85377cc0, 0x85377e00, 0x85380000)
    ro space 10240K,  58% used [0x92800000, 0x92de2e40, 0x92de3000, 0x93200000)
    rw space 12288K,  59% used [0x93200000, 0x9391bb10, 0x9391bc00, 0x93e00000)
}
Event: 96042.189 GC heap before
{Heap before GC invocations=1619 (full 1576):
 def new generation   total 52608K, used 904K [0x6a800000, 0x6e110000, 0x72800000)
  eden space 46784K,   1% used [0x6a800000, 0x6a8e22f0, 0x6d5b0000)
  from space 5824K,   0% used [0x6d5b0000, 0x6d5b0000, 0x6db60000)
  to   space 5824K,   0% used [0x6db60000, 0x6db60000, 0x6e110000)
 tenured generation   total 116708K, used 68214K [0x72800000, 0x799f9000, 0x82800000)
   the space 116708K,  58% used [0x72800000, 0x76a9dbd0, 0x76a9dc00, 0x799f9000)
 compacting perm gen  total 44544K, used 44511K [0x82800000, 0x85380000, 0x92800000)
   the space 44544K,  99% used [0x82800000, 0x85377cc0, 0x85377e00, 0x85380000)
    ro space 10240K,  58% used [0x92800000, 0x92de2e40, 0x92de3000, 0x93200000)
    rw space 12288K,  59% used [0x93200000, 0x9391bb10, 0x9391bc00, 0x93e00000)
Event: 96042.433 GC heap after
Heap after GC invocations=1620 (full 1577):
 def new generation   total 52608K, used 0K [0x6a800000, 0x6e110000, 0x72800000)
  eden space 46784K,   0% used [0x6a800000, 0x6a800000, 0x6d5b0000)
  from space 5824K,   0% used [0x6d5b0000, 0x6d5b0000, 0x6db60000)
  to   space 5824K,   0% used [0x6db60000, 0x6db60000, 0x6e110000)
 tenured generation   total 116708K, used 68218K [0x72800000, 0x799f9000, 0x82800000)
   the space 116708K,  58% used [0x72800000, 0x76a9ea40, 0x76a9ec00, 0x799f9000)
 compacting perm gen  total 44544K, used 44511K [0x82800000, 0x85380000, 0x92800000)
   the space 44544K,  99% used [0x82800000, 0x85377cc0, 0x85377e00, 0x85380000)
    ro space 10240K,  58% used [0x92800000, 0x92de2e40, 0x92de3000, 0x93200000)
    rw space 12288K,  59% used [0x93200000, 0x9391bb10, 0x9391bc00, 0x93e00000)
}
Event: 96102.191 GC heap before
{Heap before GC invocations=1620 (full 1577):
 def new generation   total 52608K, used 590K [0x6a800000, 0x6e110000, 0x72800000)
  eden space 46784K,   1% used [0x6a800000, 0x6a8939d8, 0x6d5b0000)
  from space 5824K,   0% used [0x6d5b0000, 0x6d5b0000, 0x6db60000)
  to   space 5824K,   0% used [0x6db60000, 0x6db60000, 0x6e110000)
 tenured generation   total 116708K, used 68218K [0x72800000, 0x799f9000, 0x82800000)
   the space 116708K,  58% used [0x72800000, 0x76a9ea40, 0x76a9ec00, 0x799f9000)
 compacting perm gen  total 44544K, used 44511K [0x82800000, 0x85380000, 0x92800000)
   the space 44544K,  99% used [0x82800000, 0x85377cc0, 0x85377e00, 0x85380000)
    ro space 10240K,  58% used [0x92800000, 0x92de2e40, 0x92de3000, 0x93200000)
    rw space 12288K,  59% used [0x93200000, 0x9391bb10, 0x9391bc00, 0x93e00000)
Event: 96102.420 GC heap after
Heap after GC invocations=1621 (full 1578):
 def new generation   total 52608K, used 0K [0x6a800000, 0x6e110000, 0x72800000)
  eden space 46784K,   0% used [0x6a800000, 0x6a800000, 0x6d5b0000)
  from space 5824K,   0% used [0x6d5b0000, 0x6d5b0000, 0x6db60000)
  to   space 5824K,   0% used [0x6db60000, 0x6db60000, 0x6e110000)
 tenured generation   total 116708K, used 68221K [0x72800000, 0x799f9000, 0x82800000)
   the space 116708K,  58% used [0x72800000, 0x76a9f770, 0x76a9f800, 0x799f9000)
 compacting perm gen  total 44544K, used 44511K [0x82800000, 0x85380000, 0x92800000)
   the space 44544K,  99% used [0x82800000, 0x85377cc0, 0x85377e00, 0x85380000)
    ro space 10240K,  58% used [0x92800000, 0x92de2e40, 0x92de3000, 0x93200000)
    rw space 12288K,  59% used [0x93200000, 0x9391bb10, 0x9391bc00, 0x93e00000)
}
Event: 96162.192 GC heap before
{Heap before GC invocations=1621 (full 1578):
 def new generation   total 52608K, used 12444K [0x6a800000, 0x6e110000, 0x72800000)
  eden space 46784K,  26% used [0x6a800000, 0x6b4271a8, 0x6d5b0000)
  from space 5824K,   0% used [0x6d5b0000, 0x6d5b0000, 0x6db60000)
  to   space 5824K,   0% used [0x6db60000, 0x6db60000, 0x6e110000)
 tenured generation   total 116708K, used 68221K [0x72800000, 0x799f9000, 0x82800000)
   the space 116708K,  58% used [0x72800000, 0x76a9f770, 0x76a9f800, 0x799f9000)
 compacting perm gen  total 44544K, used 44514K [0x82800000, 0x85380000, 0x92800000)
   the space 44544K,  99% used [0x82800000, 0x85378838, 0x85378a00, 0x85380000)
    ro space 10240K,  58% used [0x92800000, 0x92de2e40, 0x92de3000, 0x93200000)
    rw space 12288K,  59% used [0x93200000, 0x9391bb10, 0x9391bc00, 0x93e00000)
Event: 96162.529 GC heap after
Heap after GC invocations=1622 (full 1579):
 def new generation   total 52608K, used 0K [0x6a800000, 0x6e110000, 0x72800000)
  eden space 46784K,   0% used [0x6a800000, 0x6a800000, 0x6d5b0000)
  from space 5824K,   0% used [0x6d5b0000, 0x6d5b0000, 0x6db60000)
  to   space 5824K,   0% used [0x6db60000, 0x6db60000, 0x6e110000)
 tenured generation   total 116708K, used 69199K [0x72800000, 0x799f9000, 0x82800000)
   the space 116708K,  59% used [0x72800000, 0x76b93de0, 0x76b93e00, 0x799f9000)
 compacting perm gen  total 44544K, used 44514K [0x82800000, 0x85380000, 0x92800000)
   the space 44544K,  99% used [0x82800000, 0x85378838, 0x85378a00, 0x85380000)
    ro space 10240K,  58% used [0x92800000, 0x92de2e40, 0x92de3000, 0x93200000)
    rw space 12288K,  59% used [0x93200000, 0x9391bb10, 0x9391bc00, 0x93e00000)
}
Event: 96237.225 GC heap before
{Heap before GC invocations=1622 (full 1579):
 def new generation   total 52608K, used 11086K [0x6a800000, 0x6e110000, 0x72800000)
  eden space 46784K,  23% used [0x6a800000, 0x6b2d3bf0, 0x6d5b0000)
  from space 5824K,   0% used [0x6d5b0000, 0x6d5b0000, 0x6db60000)
  to   space 5824K,   0% used [0x6db60000, 0x6db60000, 0x6e110000)
 tenured generation   total 116708K, used 69199K [0x72800000, 0x799f9000, 0x82800000)
   the space 116708K,  59% used [0x72800000, 0x76b93de0, 0x76b93e00, 0x799f9000)
 compacting perm gen  total 44544K, used 44514K [0x82800000, 0x85380000, 0x92800000)
   the space 44544K,  99% used [0x82800000, 0x85378848, 0x85378a00, 0x85380000)
    ro space 10240K,  58% used [0x92800000, 0x92de2e40, 0x92de3000, 0x93200000)
    rw space 12288K,  59% used [0x93200000, 0x9391bb10, 0x9391bc00, 0x93e00000)
Event: 96237.630 GC heap after
Heap after GC invocations=1623 (full 1580):
 def new generation   total 52608K, used 0K [0x6a800000, 0x6e110000, 0x72800000)
  eden space 46784K,   0% used [0x6a800000, 0x6a800000, 0x6d5b0000)
  from space 5824K,   0% used [0x6d5b0000, 0x6d5b0000, 0x6db60000)
  to   space 5824K,   0% used [0x6db60000, 0x6db60000, 0x6e110000)
 tenured generation   total 116708K, used 68474K [0x72800000, 0x799f9000, 0x82800000)
   the space 116708K,  58% used [0x72800000, 0x76adea60, 0x76adec00, 0x799f9000)
 compacting perm gen  total 44544K, used 44511K [0x82800000, 0x85380000, 0x92800000)
   the space 44544K,  99% used [0x82800000, 0x85377d10, 0x85377e00, 0x85380000)
    ro space 10240K,  58% used [0x92800000, 0x92de2e40, 0x92de3000, 0x93200000)
    rw space 12288K,  59% used [0x93200000, 0x9391bb10, 0x9391bc00, 0x93e00000)
}

